{"/mnt/c/Users/shail/Projects/Personal/Webdata/webdata-api/parser/index.ts": {"path":"/mnt/c/Users/shail/Projects/Personal/Webdata/webdata-api/parser/index.ts","statementMap":{"0":{"start":{"line":1,"column":0},"end":{"line":1,"column":30}},"1":{"start":{"line":17,"column":13},"end":{"line":17,"column":75}},"2":{"start":{"line":17,"column":59},"end":{"line":17,"column":74}},"3":{"start":{"line":19,"column":13},"end":{"line":19,"column":96}},"4":{"start":{"line":19,"column":61},"end":{"line":19,"column":95}},"5":{"start":{"line":21,"column":13},"end":{"line":21,"column":112}},"6":{"start":{"line":21,"column":63},"end":{"line":21,"column":111}},"7":{"start":{"line":23,"column":13},"end":{"line":25,"column":3}},"8":{"start":{"line":23,"column":67},"end":{"line":25,"column":2}},"9":{"start":{"line":27,"column":28},"end":{"line":29,"column":null}},"10":{"start":{"line":27,"column":92},"end":{"line":29,"column":null}},"11":{"start":{"line":32,"column":29},"end":{"line":35,"column":34}},"12":{"start":{"line":32,"column":69},"end":{"line":35,"column":34}},"13":{"start":{"line":37,"column":33},"end":{"line":40,"column":2}},"14":{"start":{"line":37,"column":69},"end":{"line":40,"column":2}},"15":{"start":{"line":42,"column":13},"end":{"line":42,"column":121}},"16":{"start":{"line":42,"column":60},"end":{"line":42,"column":120}}},"fnMap":{"0":{"name":"(anonymous_0)","decl":{"start":{"line":17,"column":34},"end":{"line":17,"column":35}},"loc":{"start":{"line":17,"column":59},"end":{"line":17,"column":74}}},"1":{"name":"(anonymous_1)","decl":{"start":{"line":19,"column":28},"end":{"line":19,"column":29}},"loc":{"start":{"line":19,"column":61},"end":{"line":19,"column":95}}},"2":{"name":"(anonymous_2)","decl":{"start":{"line":21,"column":35},"end":{"line":21,"column":36}},"loc":{"start":{"line":21,"column":63},"end":{"line":21,"column":111}}},"3":{"name":"(anonymous_3)","decl":{"start":{"line":23,"column":32},"end":{"line":23,"column":33}},"loc":{"start":{"line":23,"column":67},"end":{"line":25,"column":2}}},"4":{"name":"(anonymous_4)","decl":{"start":{"line":27,"column":28},"end":{"line":27,"column":29}},"loc":{"start":{"line":27,"column":92},"end":{"line":29,"column":null}}},"5":{"name":"(anonymous_5)","decl":{"start":{"line":32,"column":29},"end":{"line":32,"column":30}},"loc":{"start":{"line":32,"column":69},"end":{"line":35,"column":34}}},"6":{"name":"(anonymous_6)","decl":{"start":{"line":37,"column":33},"end":{"line":37,"column":34}},"loc":{"start":{"line":37,"column":69},"end":{"line":40,"column":2}}},"7":{"name":"(anonymous_7)","decl":{"start":{"line":42,"column":22},"end":{"line":42,"column":23}},"loc":{"start":{"line":42,"column":60},"end":{"line":42,"column":120}}}},"branchMap":{},"s":{"0":4,"1":4,"2":4,"3":4,"4":1,"5":4,"6":12,"7":4,"8":12,"9":4,"10":0,"11":4,"12":0,"13":4,"14":0,"15":4,"16":0},"f":{"0":4,"1":1,"2":12,"3":12,"4":0,"5":0,"6":0,"7":0},"b":{}}
}
