TN:
SF:/mnt/c/Users/shail/Projects/Personal/Webdata/webdata-api/parser/index.ts
FN:17,(anonymous_0)
FN:19,(anonymous_1)
FN:21,(anonymous_2)
FN:23,(anonymous_3)
FN:27,(anonymous_4)
FN:32,(anonymous_5)
FN:37,(anonymous_6)
FN:42,(anonymous_7)
FNF:8
FNH:4
FNDA:4,(anonymous_0)
FNDA:1,(anonymous_1)
FNDA:12,(anonymous_2)
FNDA:12,(anonymous_3)
FNDA:0,(anonymous_4)
FNDA:0,(anonymous_5)
FNDA:0,(anonymous_6)
FNDA:0,(anonymous_7)
DA:1,4
DA:17,4
DA:19,4
DA:21,12
DA:23,12
DA:27,4
DA:32,4
DA:37,4
DA:42,4
LF:9
LH:9
BRF:0
BRH:0
end_of_record
